20:48:18.732 [TestNG-tests-1] ERROR testCases.AccountRegistrationTest - Test Failed
20:48:18.778 [TestNG-tests-1] DEBUG testCases.AccountRegistrationTest - debug logs...
20:48:18.778 [TestNG-tests-1] INFO  testCases.AccountRegistrationTest - *****Finished AccountRegistartionTest*****
20:48:26.515 [TestNG-tests-2] ERROR testCases.AccountRegistrationTest - Test Failed
20:48:26.516 [TestNG-tests-2] DEBUG testCases.AccountRegistrationTest - debug logs...
20:48:26.516 [TestNG-tests-2] INFO  testCases.AccountRegistrationTest - *****Finished AccountRegistartionTest*****
20:48:48.573 [TestNG-tests-1] DEBUG testCases.AccountRegistrationTest - *******Application logs********
20:48:48.579 [TestNG-tests-1] INFO  testCases.AccountRegistrationTest - *****starting AccountRegistartionTest*****
20:48:49.824 [TestNG-tests-2] DEBUG testCases.AccountRegistrationTest - *******Application logs********
20:48:49.826 [TestNG-tests-2] INFO  testCases.AccountRegistrationTest - *****starting AccountRegistartionTest*****
20:48:49.913 [TestNG-tests-1] INFO  testCases.AccountRegistrationTest - *****Clicked on registration link*****
20:48:49.997 [TestNG-tests-2] INFO  testCases.AccountRegistrationTest - *****Clicked on registration link*****
20:49:00.060 [TestNG-tests-1] ERROR testCases.AccountRegistrationTest - Test Failed
20:49:00.060 [TestNG-tests-1] DEBUG testCases.AccountRegistrationTest - debug logs...
20:49:00.061 [TestNG-tests-1] INFO  testCases.AccountRegistrationTest - *****Finished AccountRegistartionTest*****
20:49:04.445 [TestNG-tests-2] INFO  testCases.AccountRegistrationTest - *****Clicked on registartion link*****
20:49:04.447 [TestNG-tests-2] INFO  testCases.AccountRegistrationTest - *****Entering customer details*****
20:49:04.473 [TestNG-tests-2] ERROR testCases.AccountRegistrationTest - Test Failed
20:49:04.473 [TestNG-tests-2] DEBUG testCases.AccountRegistrationTest - debug logs...
20:49:04.474 [TestNG-tests-2] INFO  testCases.AccountRegistrationTest - *****Finished AccountRegistartionTest*****
20:49:45.709 [TestNG-tests-1] DEBUG testCases.AccountRegistrationTest - *******Application logs********
20:49:45.716 [TestNG-tests-1] INFO  testCases.AccountRegistrationTest - *****starting AccountRegistartionTest*****
20:49:47.142 [TestNG-tests-2] DEBUG testCases.AccountRegistrationTest - *******Application logs********
20:49:47.143 [TestNG-tests-2] INFO  testCases.AccountRegistrationTest - *****starting AccountRegistartionTest*****
20:49:47.230 [TestNG-tests-1] INFO  testCases.AccountRegistrationTest - *****Clicked on registration link*****
20:49:47.324 [TestNG-tests-2] INFO  testCases.AccountRegistrationTest - *****Clicked on registration link*****
20:49:57.429 [TestNG-tests-1] ERROR testCases.AccountRegistrationTest - Test Failed
20:49:57.430 [TestNG-tests-1] DEBUG testCases.AccountRegistrationTest - debug logs...
20:49:57.430 [TestNG-tests-1] INFO  testCases.AccountRegistrationTest - *****Finished AccountRegistartionTest*****
20:50:07.513 [TestNG-tests-2] ERROR testCases.AccountRegistrationTest - Test Failed
20:50:07.514 [TestNG-tests-2] DEBUG testCases.AccountRegistrationTest - debug logs...
20:50:07.514 [TestNG-tests-2] INFO  testCases.AccountRegistrationTest - *****Finished AccountRegistartionTest*****
21:06:46.044 [main] DEBUG testCases.AccountRegistrationTest - *******Application logs********
21:06:46.051 [main] INFO  testCases.AccountRegistrationTest - *****starting AccountRegistartionTest*****
21:06:46.434 [main] INFO  testCases.AccountRegistrationTest - *****Clicked on registration link*****
21:06:47.190 [main] INFO  testCases.AccountRegistrationTest - *****Clicked on registartion link*****
21:06:47.191 [main] INFO  testCases.AccountRegistrationTest - *****Entering customer details*****
21:06:48.559 [main] ERROR testCases.AccountRegistrationTest - Test Failed
21:06:48.559 [main] DEBUG testCases.AccountRegistrationTest - debug logs...
21:06:48.559 [main] INFO  testCases.AccountRegistrationTest - *****Finished AccountRegistartionTest*****
21:07:12.690 [main] DEBUG testCases.AccountRegistrationTest - *******Application logs********
21:07:12.696 [main] INFO  testCases.AccountRegistrationTest - *****starting AccountRegistartionTest*****
21:07:12.915 [main] INFO  testCases.AccountRegistrationTest - *****Clicked on registration link*****
21:07:14.098 [main] INFO  testCases.AccountRegistrationTest - *****Clicked on registartion link*****
21:07:14.098 [main] INFO  testCases.AccountRegistrationTest - *****Entering customer details*****
21:07:15.386 [main] ERROR testCases.AccountRegistrationTest - Test Failed
21:07:15.386 [main] DEBUG testCases.AccountRegistrationTest - debug logs...
21:07:15.387 [main] INFO  testCases.AccountRegistrationTest - *****Finished AccountRegistartionTest*****
13:31:17.663 [main] DEBUG testCases.TC_001_AccountRegistrationTest - *******Application logs********
13:31:17.672 [main] INFO  testCases.TC_001_AccountRegistrationTest - *****starting AccountRegistartionTest*****
